<?xml version="1.0" encoding="UTF-8"?>
<testng-results ignored="0" total="1" passed="1" failed="0" skipped="0">
  <reporter-output>
  </reporter-output>
  <suite started-at="2024-11-29T11:30:11 IST" name="Default suite" finished-at="2024-11-29T11:30:12 IST" duration-ms="98">
    <groups>
    </groups>
    <test started-at="2024-11-29T11:30:11 IST" name="Default test" finished-at="2024-11-29T11:30:12 IST" duration-ms="98">
      <class name="com.crm.AdvanceSeleniumE4.RandomNumbers">
        <test-method signature="main()[pri:0, instance:com.crm.AdvanceSeleniumE4.RandomNumbers@3c19aaa5]" started-at="2024-11-29T11:30:12 IST" name="main" finished-at="2024-11-29T11:30:12 IST" duration-ms="20" status="PASS">
          <reporter-output>
          </reporter-output>
        </test-method> <!-- main -->
      </class> <!-- com.crm.AdvanceSeleniumE4.RandomNumbers -->
    </test> <!-- Default test -->
  </suite> <!-- Default suite -->
</testng-results>
